2017-12-01 10:47:08,372 INFO 26810 [egg:logger] init all loggers with options: {"dir":"/home/xj/project/company/distributed_storeMonitor/logs/distributed_storemonitor","encoding":"utf8","env":"local","level":"INFO","consoleLevel":"INFO","disableConsoleAfterReady":false,"outputJSON":false,"buffer":true,"appLogName":"distributed_storemonitor-web.log","coreLogName":"egg-web.log","agentLogName":"egg-agent.log","errorLogName":"common-error.log","coreLogger":{"consoleLevel":"WARN"},"allowDebugAtProd":true,"type":"application"}
2017-12-01 10:47:08,401 INFO 26810 [egg-schedule]: register schedule /home/xj/project/company/distributed_storeMonitor/node_modules/egg-logrotator/app/schedule/clean_log.js
2017-12-01 10:47:08,401 INFO 26810 [egg-schedule]: register schedule /home/xj/project/company/distributed_storeMonitor/node_modules/egg-logrotator/app/schedule/rotate_by_file.js
2017-12-01 10:47:08,434 INFO 26810 [egg-static] starting static serve /public/ -> /home/xj/project/company/distributed_storeMonitor/app/public
2017-12-01 10:47:08,437 INFO 26810 [egg-security] use csrf middleware
2017-12-01 10:47:08,437 INFO 26810 [egg-security] use methodnoallow middleware
2017-12-01 10:47:08,438 INFO 26810 [egg-security] use noopen middleware
2017-12-01 10:47:08,438 INFO 26810 [egg-security] use nosniff middleware
2017-12-01 10:47:08,439 INFO 26810 [egg-security] use xssProtection middleware
2017-12-01 10:47:08,439 INFO 26810 [egg-security] use xframe middleware
2017-12-01 10:47:08,439 INFO 26810 [egg-security] use dta middleware
2017-12-01 10:47:08,439 INFO 26810 [egg-security] compose 7 middlewares into one security middleware
2017-12-01 10:47:08,476 INFO 26810 [egg-watcher:app] watcher start success
2017-12-01 10:49:35,535 INFO 26935 [egg:logger] init all loggers with options: {"dir":"/home/xj/project/company/distributed_storeMonitor/logs/distributed_storemonitor","encoding":"utf8","env":"local","level":"INFO","consoleLevel":"INFO","disableConsoleAfterReady":false,"outputJSON":false,"buffer":true,"appLogName":"distributed_storemonitor-web.log","coreLogName":"egg-web.log","agentLogName":"egg-agent.log","errorLogName":"common-error.log","coreLogger":{"consoleLevel":"WARN"},"allowDebugAtProd":true,"type":"application"}
2017-12-01 10:49:35,569 INFO 26935 [egg-schedule]: register schedule /home/xj/project/company/distributed_storeMonitor/node_modules/egg-logrotator/app/schedule/clean_log.js
2017-12-01 10:49:35,569 INFO 26935 [egg-schedule]: register schedule /home/xj/project/company/distributed_storeMonitor/node_modules/egg-logrotator/app/schedule/rotate_by_file.js
2017-12-01 10:49:35,602 INFO 26935 [egg-static] starting static serve /public/ -> /home/xj/project/company/distributed_storeMonitor/app/public
2017-12-01 10:49:35,606 INFO 26935 [egg-security] use csrf middleware
2017-12-01 10:49:35,607 INFO 26935 [egg-security] use methodnoallow middleware
2017-12-01 10:49:35,608 INFO 26935 [egg-security] use noopen middleware
2017-12-01 10:49:35,608 INFO 26935 [egg-security] use nosniff middleware
2017-12-01 10:49:35,609 INFO 26935 [egg-security] use xssProtection middleware
2017-12-01 10:49:35,609 INFO 26935 [egg-security] use xframe middleware
2017-12-01 10:49:35,609 INFO 26935 [egg-security] use dta middleware
2017-12-01 10:49:35,609 INFO 26935 [egg-security] compose 7 middlewares into one security middleware
2017-12-01 10:49:35,644 INFO 26935 [egg-watcher:app] watcher start success
2017-12-01 10:49:43,198 INFO 27012 [egg:logger] init all loggers with options: {"dir":"/home/xj/project/company/distributed_storeMonitor/logs/distributed_storemonitor","encoding":"utf8","env":"local","level":"INFO","consoleLevel":"INFO","disableConsoleAfterReady":false,"outputJSON":false,"buffer":true,"appLogName":"distributed_storemonitor-web.log","coreLogName":"egg-web.log","agentLogName":"egg-agent.log","errorLogName":"common-error.log","coreLogger":{"consoleLevel":"WARN"},"allowDebugAtProd":true,"type":"application"}
2017-12-01 10:49:43,226 INFO 27012 [egg-schedule]: register schedule /home/xj/project/company/distributed_storeMonitor/node_modules/egg-logrotator/app/schedule/clean_log.js
2017-12-01 10:49:43,226 INFO 27012 [egg-schedule]: register schedule /home/xj/project/company/distributed_storeMonitor/node_modules/egg-logrotator/app/schedule/rotate_by_file.js
2017-12-01 10:49:43,258 INFO 27012 [egg-static] starting static serve /public/ -> /home/xj/project/company/distributed_storeMonitor/app/public
2017-12-01 10:49:43,261 INFO 27012 [egg-security] use csrf middleware
2017-12-01 10:49:43,261 INFO 27012 [egg-security] use methodnoallow middleware
2017-12-01 10:49:43,262 INFO 27012 [egg-security] use noopen middleware
2017-12-01 10:49:43,262 INFO 27012 [egg-security] use nosniff middleware
2017-12-01 10:49:43,262 INFO 27012 [egg-security] use xssProtection middleware
2017-12-01 10:49:43,263 INFO 27012 [egg-security] use xframe middleware
2017-12-01 10:49:43,263 INFO 27012 [egg-security] use dta middleware
2017-12-01 10:49:43,263 INFO 27012 [egg-security] compose 7 middlewares into one security middleware
2017-12-01 10:49:43,301 INFO 27012 [egg-watcher:app] watcher start success
2017-12-01 11:00:48,206 WARN 27012 [ClusterClient:Watcher] follower closed, and try to init it again
